<?xml version="1.0" encoding="UTF-8"?>
<robot generator="Robot 4.1.3 (Python 3.10.2 on win32)" generated="20220212 10:13:36.013" rpa="false" schemaversion="2">
<suite id="s1" name="V I C Suite" source="C:\Users\Praveen M\PycharmProjects\Robot_project\login_suite\v_i_c_suite.robot">
<test id="s1-t1" name="TC1">
<kw name="Launch Browser" type="SETUP">
<msg timestamp="20220212 10:13:38.339" level="FAIL">No keyword with name 'Launch Browser' found.</msg>
<status status="FAIL" starttime="20220212 10:13:38.339" endtime="20220212 10:13:38.339"/>
</kw>
<kw name="End Browser" type="TEARDOWN">
<msg timestamp="20220212 10:13:38.348" level="FAIL">No keyword with name 'End Browser' found. Did you mean:
    SeleniumLibrary.Open Browser</msg>
<status status="FAIL" starttime="20220212 10:13:38.348" endtime="20220212 10:13:38.348">No keyword with name 'End Browser' found. Did you mean:
    SeleniumLibrary.Open Browser</status>
</kw>
<status status="FAIL" starttime="20220212 10:13:38.326" endtime="20220212 10:13:38.349">Setup failed:
No keyword with name 'Launch Browser' found.

Also teardown failed:
No keyword with name 'End Browser' found. Did you mean:
    SeleniumLibrary.Open Browser</status>
</test>
<test id="s1-t2" name="TC2">
<kw name="Launch Browser" type="SETUP">
<msg timestamp="20220212 10:13:38.364" level="FAIL">No keyword with name 'Launch Browser' found.</msg>
<status status="FAIL" starttime="20220212 10:13:38.363" endtime="20220212 10:13:38.364"/>
</kw>
<kw name="End Browser" type="TEARDOWN">
<msg timestamp="20220212 10:13:38.374" level="FAIL">No keyword with name 'End Browser' found. Did you mean:
    SeleniumLibrary.Open Browser</msg>
<status status="FAIL" starttime="20220212 10:13:38.374" endtime="20220212 10:13:38.374">No keyword with name 'End Browser' found. Did you mean:
    SeleniumLibrary.Open Browser</status>
</kw>
<status status="FAIL" starttime="20220212 10:13:38.354" endtime="20220212 10:13:38.375">Setup failed:
No keyword with name 'Launch Browser' found.

Also teardown failed:
No keyword with name 'End Browser' found. Did you mean:
    SeleniumLibrary.Open Browser</status>
</test>
<test id="s1-t3" name="TC3">
<kw name="Launch Browser" type="SETUP">
<msg timestamp="20220212 10:13:38.390" level="FAIL">No keyword with name 'Launch Browser' found.</msg>
<status status="FAIL" starttime="20220212 10:13:38.390" endtime="20220212 10:13:38.390"/>
</kw>
<kw name="End Browser" type="TEARDOWN">
<msg timestamp="20220212 10:13:38.400" level="FAIL">No keyword with name 'End Browser' found. Did you mean:
    SeleniumLibrary.Open Browser</msg>
<status status="FAIL" starttime="20220212 10:13:38.399" endtime="20220212 10:13:38.400">No keyword with name 'End Browser' found. Did you mean:
    SeleniumLibrary.Open Browser</status>
</kw>
<status status="FAIL" starttime="20220212 10:13:38.380" endtime="20220212 10:13:38.400">Setup failed:
No keyword with name 'Launch Browser' found.

Also teardown failed:
No keyword with name 'End Browser' found. Did you mean:
    SeleniumLibrary.Open Browser</status>
</test>
<test id="s1-t4" name="TC4">
<kw name="Launch Browser" type="SETUP">
<msg timestamp="20220212 10:13:38.417" level="FAIL">No keyword with name 'Launch Browser' found.</msg>
<status status="FAIL" starttime="20220212 10:13:38.417" endtime="20220212 10:13:38.417"/>
</kw>
<kw name="End Browser" type="TEARDOWN">
<msg timestamp="20220212 10:13:38.427" level="FAIL">No keyword with name 'End Browser' found. Did you mean:
    SeleniumLibrary.Open Browser</msg>
<status status="FAIL" starttime="20220212 10:13:38.426" endtime="20220212 10:13:38.427">No keyword with name 'End Browser' found. Did you mean:
    SeleniumLibrary.Open Browser</status>
</kw>
<status status="FAIL" starttime="20220212 10:13:38.406" endtime="20220212 10:13:38.427">Setup failed:
No keyword with name 'Launch Browser' found.

Also teardown failed:
No keyword with name 'End Browser' found. Did you mean:
    SeleniumLibrary.Open Browser</status>
</test>
<doc>This suit file handles all the test case related to the
invalid credentials</doc>
<status status="FAIL" starttime="20220212 10:13:36.030" endtime="20220212 10:13:38.431"/>
</suite>
<statistics>
<total>
<stat pass="0" fail="4" skip="0">All Tests</stat>
</total>
<tag>
</tag>
<suite>
<stat pass="0" fail="4" skip="0" id="s1" name="V I C Suite">V I C Suite</stat>
</suite>
</statistics>
<errors>
<msg timestamp="20220212 10:13:38.318" level="ERROR">Error in file 'C:\Users\Praveen M\PycharmProjects\Robot_project\base\common_functionality.resource' on line 10: Setting 'Test Setup' is not allowed in resource file.</msg>
<msg timestamp="20220212 10:13:38.319" level="ERROR">Error in file 'C:\Users\Praveen M\PycharmProjects\Robot_project\base\common_functionality.resource' on line 11: Setting 'Test Teardown' is not allowed in resource file.</msg>
<msg timestamp="20220212 10:13:38.320" level="ERROR">Error in file 'C:\Users\Praveen M\PycharmProjects\Robot_project\base\common_functionality.resource' on line 13: Setting 'Test Template' is not allowed in resource file.</msg>
<msg timestamp="20220212 10:13:38.321" level="ERROR">Error in file 'C:\Users\Praveen M\PycharmProjects\Robot_project\login_suite\v_i_c_suite.robot' on line 5: Error in file 'C:\Users\Praveen M\PycharmProjects\Robot_project\base\common_functionality.resource' on line 15: Resource file with 'Test Cases' section is invalid.</msg>
</errors>
</robot>
